<?xml version="1.0" encoding="UTF-8"?>
<!-- Generated by org.testng.reporters.JUnitReportReporter -->
<testsuite hostname="DESKTOP-662O11L" failures="0" tests="1" name="test.project1.NewTest33" time="6.983" errors="0" timestamp="2023-04-14T10:50:04 EDT" skipped="0">
  <testcase classname="test.project1.NewTest33" name="f1" time="6.983"/>
  <system-out/>
</testsuite> <!-- test.project1.NewTest33 -->
