<?xml version="1.0" encoding="UTF-8"?>
<!-- Generated by org.testng.reporters.JUnitReportReporter -->
<testsuite hostname="DESKTOP-662O11L" failures="0" tests="2" name="test.project1.NewTest" time="16.070" errors="0" timestamp="2023-03-29T21:02:59 EDT" skipped="0">
  <testcase classname="test.project1.NewTest" name="f1" time="8.819"/>
  <system-out/>
  <testcase classname="test.project1.NewTest" name="f2" time="7.251"/>
  <system-out/>
</testsuite> <!-- test.project1.NewTest -->
